Removed Pin From Net: NetName=GND Pin=FFC1-0
Removed Pin From Net: NetName=GND Pin=FFC1-0
Removed Pin From Net: NetName=GND Pin=U2-33
Change Component Description : Designator=U1 Old Description=RFID Transponder IC 13.56MHz ISO 15693 I?2C 1.8V ~ 5.5V 12-UFDFN Exposed Pad New Description=RFID Transponder IC 13.56MHz ISO 15693 I?2C 1.8V ~ 5.5V 12-UFDFN Exposed Pad
Added Component: Designator=ANTA(HDR1X2)
Add component. Clean all parameters for all variants
Add component (AddParameter): Name = "LatestRevisionDate"; Value = "17-Jul-2002"; VariantName = "[No Variations]"
Add component (AddParameter): Name = "LatestRevisionNote"; Value = "Re-released for DXP Platform."; VariantName = "[No Variations]"
Add component (AddParameter): Name = "Publisher"; Value = "Altium Limited"; VariantName = "[No Variations]"
Added Component: Designator=C10(0603P)
Add component. Clean all parameters for all variants
Added Component: Designator=C11(0603P)
Add component. Clean all parameters for all variants
Added Component: Designator=C12(0603P)
Add component. Clean all parameters for all variants
Added Component: Designator=C13(0603P)
Add component. Clean all parameters for all variants
Added Component: Designator=C13(0603P)
Add component. Clean all parameters for all variants
Added Component: Designator=C14(0603P)
Add component. Clean all parameters for all variants
Added Component: Designator=C15(0603P)
Add component. Clean all parameters for all variants
Added Component: Designator=C16(0603P)
Add component. Clean all parameters for all variants
Added Component: Designator=C17(0603P)
Add component. Clean all parameters for all variants
Added Component: Designator=C18(0603P)
Add component. Clean all parameters for all variants
Added Component: Designator=C19(0603P)
Add component. Clean all parameters for all variants
Added Component: Designator=C20(0603P)
Add component. Clean all parameters for all variants
Added Component: Designator=L10(0603P)
Add component. Clean all parameters for all variants
Added Component: Designator=L11(0603P)
Add component. Clean all parameters for all variants
Added Component: Designator=R10(0603P)
Add component. Clean all parameters for all variants
Added Component: Designator=R11(0603P)
Add component. Clean all parameters for all variants
Added Component: Designator=R12(0603P)
Add component. Clean all parameters for all variants
Added Component: Designator=R13(0603P)
Add component. Clean all parameters for all variants
Added Component: Designator=R14(0603P)
Add component. Clean all parameters for all variants
Added Component: Designator=R15(0603P)
Add component. Clean all parameters for all variants
Added Component: Designator=R16(0603P)
Add component. Clean all parameters for all variants
Added Component: Designator=R17(0603P)
Add component. Clean all parameters for all variants
Added Component: Designator=R18(0603P)
Add component. Clean all parameters for all variants
Added Component: Designator=R19(0603P)
Add component. Clean all parameters for all variants
Added Component: Designator=R20(0603P)
Add component. Clean all parameters for all variants
Added Component: Designator=R21(0603P)
Add component. Clean all parameters for all variants
Added Component: Designator=R22(0603P)
Add component. Clean all parameters for all variants
Added Component: Designator=R23(0603P)
Add component. Clean all parameters for all variants
Added Component: Designator=R24(0603P)
Add component. Clean all parameters for all variants
Added Component: Designator=R25(0603P)
Add component. Clean all parameters for all variants
Added Component: Designator=U0(Quad32 - duplicate)
Add component. Clean all parameters for all variants
Added Pin To Net: NetName=GND Pin=C20-2
Added Pin To Net: NetName=GND Pin=R16-2
Added Pin To Net: NetName=GND Pin=R17-2
Added Pin To Net: NetName=GND Pin=R22-1
Added Pin To Net: NetName=GND Pin=R23-1
Added Pin To Net: NetName=GND Pin=U0-8
Change Net Color : Old Net Color=Aqua New Net Color=Default
Added Pin To Net: NetName=Interface_pin Pin=R14-1
Added Pin To Net: NetName=Interface_pin Pin=U0-20
Added Net: Name=Interface_pin
Added Pin To Net: NetName=NetANTA_1 Pin=ANTA-1
Added Pin To Net: NetName=NetANTA_1 Pin=C15-1
Added Pin To Net: NetName=NetANTA_1 Pin=C16-1
Added Pin To Net: NetName=NetANTA_1 Pin=C17-1
Added Pin To Net: NetName=NetANTA_1 Pin=C18-1
Added Pin To Net: NetName=NetANTA_1 Pin=C19-1
Added Pin To Net: NetName=NetANTA_1 Pin=R10-1
Added Pin To Net: NetName=NetANTA_1 Pin=R12-1
Added Net: Name=NetANTA_1
Added Pin To Net: NetName=NetANTA_2 Pin=ANTA-2
Added Pin To Net: NetName=NetANTA_2 Pin=C13-1
Added Pin To Net: NetName=NetANTA_2 Pin=C14-1
Added Pin To Net: NetName=NetANTA_2 Pin=C17-2
Added Pin To Net: NetName=NetANTA_2 Pin=C18-2
Added Pin To Net: NetName=NetANTA_2 Pin=C19-2
Added Pin To Net: NetName=NetANTA_2 Pin=R10-2
Added Pin To Net: NetName=NetANTA_2 Pin=R11-1
Added Net: Name=NetANTA_2
Added Pin To Net: NetName=NetC10_1 Pin=C10-1
Added Pin To Net: NetName=NetC10_1 Pin=C12-2
Added Net: Name=NetC10_1
Added Pin To Net: NetName=NetC10_2 Pin=C10-2
Added Pin To Net: NetName=NetC10_2 Pin=C11-2
Added Pin To Net: NetName=NetC10_2 Pin=C13-2
Added Pin To Net: NetName=NetC10_2 Pin=C14-2
Added Pin To Net: NetName=NetC10_2 Pin=L10-2
Added Net: Name=NetC10_2
Added Pin To Net: NetName=NetC11_1 Pin=C11-1
Added Pin To Net: NetName=NetC11_1 Pin=C13-2
Added Net: Name=NetC11_1
Added Pin To Net: NetName=NetC12_1 Pin=C12-1
Added Pin To Net: NetName=NetC12_1 Pin=C13-1
Added Pin To Net: NetName=NetC12_1 Pin=C15-2
Added Pin To Net: NetName=NetC12_1 Pin=C16-2
Added Pin To Net: NetName=NetC12_1 Pin=L11-2
Added Net: Name=NetC12_1
Added Pin To Net: NetName=NetC20_1 Pin=C20-1
Added Pin To Net: NetName=NetC20_1 Pin=U0-9
Added Net: Name=NetC20_1
Added Pin To Net: NetName=NetL10_1 Pin=L10-1
Added Pin To Net: NetName=NetL10_1 Pin=U0-1
Added Net: Name=NetL10_1
Added Pin To Net: NetName=NetL11_1 Pin=L11-1
Added Pin To Net: NetName=NetL11_1 Pin=U0-2
Added Net: Name=NetL11_1
Added Pin To Net: NetName=NetR13_1 Pin=R13-1
Added Pin To Net: NetName=NetR13_1 Pin=U0-21
Added Net: Name=NetR13_1
Added Pin To Net: NetName=NetR14_2 Pin=R14-2
Added Pin To Net: NetName=NetR14_2 Pin=R17-1
Added Pin To Net: NetName=NetR14_2 Pin=R19-1
Added Net: Name=NetR14_2
Added Pin To Net: NetName=NetR15_1 Pin=R15-1
Added Pin To Net: NetName=NetR15_1 Pin=U0-19
Added Net: Name=NetR15_1
Added Pin To Net: NetName=NetR15_2 Pin=R15-2
Added Pin To Net: NetName=NetR15_2 Pin=R16-1
Added Pin To Net: NetName=NetR15_2 Pin=R18-1
Added Net: Name=NetR15_2
Added Pin To Net: NetName=NetR18_2 Pin=R18-2
Added Pin To Net: NetName=NetR18_2 Pin=R19-2
Added Net: Name=NetR18_2
Added Pin To Net: NetName=NetR20_1 Pin=R20-1
Added Pin To Net: NetName=NetR20_1 Pin=R23-2
Added Pin To Net: NetName=NetR20_1 Pin=R25-1
Added Net: Name=NetR20_1
Added Pin To Net: NetName=NetR20_2 Pin=R20-2
Added Pin To Net: NetName=NetR20_2 Pin=U0-12
Added Net: Name=NetR20_2
Added Pin To Net: NetName=NetR21_1 Pin=R21-1
Added Pin To Net: NetName=NetR21_1 Pin=R22-2
Added Pin To Net: NetName=NetR21_1 Pin=R24-1
Added Net: Name=NetR21_1
Added Pin To Net: NetName=NetR21_2 Pin=R21-2
Added Pin To Net: NetName=NetR21_2 Pin=U0-14
Added Net: Name=NetR21_2
Added Pin To Net: NetName=NetR24_2 Pin=R24-2
Added Pin To Net: NetName=NetR24_2 Pin=R25-2
Added Net: Name=NetR24_2
Added Pin To Net: NetName=SPI_MISO Pin=U0-16
Added Net: Name=SPI_MISO
Added Pin To Net: NetName=SPI_MOSI Pin=U0-17
Added Net: Name=SPI_MOSI
Added Pin To Net: NetName=SPI_SCK Pin=U0-18
Added Net: Name=SPI_SCK
Added Pin To Net: NetName=SPI_SS Pin=U0-15
Added Net: Name=SPI_SS
Added Pin To Net: NetName=ST95_RX1 Pin=R11-2
Added Pin To Net: NetName=ST95_RX1 Pin=U0-5
Added Net: Name=ST95_RX1
Added Pin To Net: NetName=ST95_RX2 Pin=R12-2
Added Pin To Net: NetName=ST95_RX2 Pin=U0-6
Added Net: Name=ST95_RX2
Change Class Name : Old Net Name=L-ink New Net Name=NFC
Added Member To Class: ClassName=NFC Member=Component ANTA VREF_SEL
Added Member To Class: ClassName=NFC Member=Component C10 1uF
Added Member To Class: ClassName=NFC Member=Component C11 1uF
Added Member To Class: ClassName=NFC Member=Component C12 4.7uF
Added Member To Class: ClassName=NFC Member=Component C13 1uF
Added Member To Class: ClassName=NFC Member=Component C13 104
Added Member To Class: ClassName=NFC Member=Component C14 1uF
Added Member To Class: ClassName=NFC Member=Component C15 104
Added Member To Class: ClassName=NFC Member=Component C16 NC
Added Member To Class: ClassName=NFC Member=Component C17 104
Added Member To Class: ClassName=NFC Member=Component C18 104
Added Member To Class: ClassName=NFC Member=Component C19 104
Added Member To Class: ClassName=NFC Member=Component C20 1nF
Added Member To Class: ClassName=NFC Member=Component L10 560nH
Added Member To Class: ClassName=NFC Member=Component L11 560nH
Added Member To Class: ClassName=NFC Member=Component R10 NC
Added Member To Class: ClassName=NFC Member=Component R11 10K
Added Member To Class: ClassName=NFC Member=Component R12 10K
Added Member To Class: ClassName=NFC Member=Component R13 3.3K
Added Member To Class: ClassName=NFC Member=Component R14 3.3K
Added Member To Class: ClassName=NFC Member=Component R15 3.3K
Added Member To Class: ClassName=NFC Member=Component R16 NC
Added Member To Class: ClassName=NFC Member=Component R17 0R
Added Member To Class: ClassName=NFC Member=Component R18 0R
Added Member To Class: ClassName=NFC Member=Component R19 NC
Added Member To Class: ClassName=NFC Member=Component R20 3.3K
Added Member To Class: ClassName=NFC Member=Component R21 3.3K
Added Member To Class: ClassName=NFC Member=Component R22 NC
Added Member To Class: ClassName=NFC Member=Component R23 NC
Added Member To Class: ClassName=NFC Member=Component R24 0R
Added Member To Class: ClassName=NFC Member=Component R25 0R
Added Member To Class: ClassName=NFC Member=Component U0 ST95HF
Added Room: Name=NFC
