Removed Member From Class: ClassName=NFC Member=ANTA
Change Component Footprint: Designator=U0 Old Footprint=Quad32 - duplicate New Footprint=Quad32
Added Pin To Net: NetName=ANT Pin=C13-1
Added Pin To Net: NetName=ANT Pin=C14-1
Added Pin To Net: NetName=ANT Pin=C15-1
Added Pin To Net: NetName=ANT Pin=C16-1
Added Pin To Net: NetName=ANT Pin=C17-1
Added Pin To Net: NetName=ANT Pin=C17-2
Added Pin To Net: NetName=ANT Pin=C18-1
Added Pin To Net: NetName=ANT Pin=C18-2
Added Pin To Net: NetName=ANT Pin=C19-1
Added Pin To Net: NetName=ANT Pin=C19-2
Added Pin To Net: NetName=ANT Pin=R10-1
Added Pin To Net: NetName=ANT Pin=R10-2
Added Pin To Net: NetName=ANT Pin=R11-1
Added Pin To Net: NetName=ANT Pin=R12-1
Added Member To Class: ClassName=NFC Member=Component C10 1uF
Added Member To Class: ClassName=NFC Member=Component C11 1uF
Added Member To Class: ClassName=NFC Member=Component C12 4.7uF
Added Member To Class: ClassName=NFC Member=Component C13 1uF
Added Member To Class: ClassName=NFC Member=Component C13 104
Added Member To Class: ClassName=NFC Member=Component C14 1uF
Added Member To Class: ClassName=NFC Member=Component R10 NC
Added Member To Class: ClassName=NFC Member=Component R11 10K
Added Member To Class: ClassName=NFC Member=Component R12 10K
Added Room: Name=NFC
