Added Component: Designator=L10(0805)
Add component. Clean all parameters for all variants
Added Component: Designator=L11(0805)
Add component. Clean all parameters for all variants
Added Component: Designator=L12(0805)
Add component. Clean all parameters for all variants
Added Component: Designator=L14(0805)
Add component. Clean all parameters for all variants
Added Pin To Net: NetName=NetL10_1 Pin=L10-1
Added Pin To Net: NetName=NetC100_2 Pin=L10-2
Added Pin To Net: NetName=NetL11_1 Pin=L11-1
Added Pin To Net: NetName=NetC102_1 Pin=L11-2
Added Pin To Net: NetName=ST95_VCC Pin=L12-1
Added Pin To Net: NetName=ST95_VPS Pin=L12-2
Added Pin To Net: NetName=NetL13_2 Pin=L14-1
Added Pin To Net: NetName=NetC115_2 Pin=L14-2
Added Member To Class: ClassName=NFC Member=Component L10 220R,2.0A,0.05DCR
Added Member To Class: ClassName=NFC Member=Component L11 220R,2.0A,0.05DCR
Added Member To Class: ClassName=NFC Member=Component L12 220R,2.0A,0.05DCR
Added Member To Class: ClassName=NFC Member=Component L14 20k
Added Room: Name=NFC
