Removed Pin From Net: NetName=V_EH Pin=C1-1
Removed Pin From Net: NetName=GND Pin=C1-2
Removed Pin From Net: NetName=3V3 Pin=C2-1
Removed Pin From Net: NetName=GND Pin=C2-2
Removed Pin From Net: NetName=3V3 Pin=R2-1
Removed Pin From Net: NetName=3V3 Pin=R3-1
Removed Pin From Net: NetName=3V3 Pin=R4-1
Removed Pin From Net: NetName=GND Pin=R5-2
Removed Pin From Net: NetName=V_EH Pin=U1-3
Removed Pin From Net: NetName=ANT Pin=U1-4
Removed Pin From Net: NetName=ANT Pin=U1-5
Removed Pin From Net: NetName=GND Pin=U1-6
Removed Pin From Net: NetName=3V3 Pin=U1-10
Removed Pin From Net: NetName=3V3 Pin=U1-12
Removed Member From Class: ClassName=NFC Member=C1
Removed Member From Class: ClassName=NFC Member=C2
Removed Member From Class: ClassName=NFC Member=R2
Removed Member From Class: ClassName=NFC Member=R3
Removed Member From Class: ClassName=NFC Member=R4
Removed Member From Class: ClassName=NFC Member=R5
Removed Member From Class: ClassName=NFC Member=U1
Change Component Footprint: Designator=C10 Old Footprint=0603P New Footprint=SOP2
Change Component Footprint: Designator=C11 Old Footprint=0603P New Footprint=SOP2
Change Component Footprint: Designator=C12 Old Footprint=0603P New Footprint=SOP2
Change Component Footprint: Designator=C13 Old Footprint=0603P New Footprint=SOP2
Change Component Footprint: Designator=C13 Old Footprint=0603P New Footprint=SOP2
Change Component Footprint: Designator=C14 Old Footprint=0603P New Footprint=SOP2
Change Component Footprint: Designator=C15 Old Footprint=0603P New Footprint=SOP2
Change Component Footprint: Designator=C16 Old Footprint=0603P New Footprint=SOP2
Change Component Footprint: Designator=C17 Old Footprint=0603P New Footprint=SOP2
Change Component Footprint: Designator=C18 Old Footprint=0603P New Footprint=SOP2
Change Component Footprint: Designator=C19 Old Footprint=0603P New Footprint=SOP2
Change Component Footprint: Designator=C20 Old Footprint=0603P New Footprint=SOP2
Change Component Footprint: Designator=R10 Old Footprint=0603P New Footprint=SOP2
Change Component Footprint: Designator=R11 Old Footprint=0603P New Footprint=SOP2
Change Component Footprint: Designator=R12 Old Footprint=0603P New Footprint=SOP2
Change Component Footprint: Designator=R13 Old Footprint=0603P New Footprint=SOP2
Change Component Footprint: Designator=R14 Old Footprint=0603P New Footprint=SOP2
Change Component Footprint: Designator=R15 Old Footprint=0603P New Footprint=SOP2
Change Component Footprint: Designator=R16 Old Footprint=0603P New Footprint=SOP2
Change Component Footprint: Designator=R17 Old Footprint=0603P New Footprint=SOP2
Change Component Footprint: Designator=R18 Old Footprint=0603P New Footprint=SOP2
Change Component Footprint: Designator=R19 Old Footprint=0603P New Footprint=SOP2
Change Component Footprint: Designator=R20 Old Footprint=0603P New Footprint=SOP2
Change Component Footprint: Designator=R21 Old Footprint=0603P New Footprint=SOP2
Change Component Footprint: Designator=R22 Old Footprint=0603P New Footprint=SOP2
Change Component Footprint: Designator=R23 Old Footprint=0603P New Footprint=SOP2
Change Component Footprint: Designator=R24 Old Footprint=0603P New Footprint=SOP2
Change Component Footprint: Designator=R25 Old Footprint=0603P New Footprint=SOP2
Change Component Comment : Designator=R17 Old Comment=0R New Comment=10K
Change Component Comment : Designator=R18 Old Comment=0R New Comment=10K
Change Component Comment : Designator=R24 Old Comment=0R New Comment=10K
Change Component Comment : Designator=R25 Old Comment=0R New Comment=10K
Change Component Comment : Designator=C20 Old Comment=1nF New Comment=104
Change Component Comment : Designator=R13 Old Comment=3.3K New Comment=10K
Change Component Comment : Designator=R14 Old Comment=3.3K New Comment=10K
Change Component Comment : Designator=R15 Old Comment=3.3K New Comment=10K
Change Component Comment : Designator=R20 Old Comment=3.3K New Comment=10K
Change Component Comment : Designator=R21 Old Comment=3.3K New Comment=10K
Change Component Comment : Designator=R10 Old Comment=NC New Comment=10K
Change Component Comment : Designator=R16 Old Comment=NC New Comment=10K
Change Component Comment : Designator=R19 Old Comment=NC New Comment=10K
Change Component Comment : Designator=R22 Old Comment=NC New Comment=10K
Change Component Comment : Designator=R23 Old Comment=NC New Comment=10K
Change Component Comment : Designator=C13 Old Comment=NC New Comment=104
Change Component Comment : Designator=C16 Old Comment=NC New Comment=104
Change Component Designator: OldDesignator=C10 NewDesignator=C100
Change Component Designator: OldDesignator=C11 NewDesignator=C101
Change Component Designator: OldDesignator=C12 NewDesignator=C102
Change Component Designator: OldDesignator=C13 NewDesignator=C103
Change Component Designator: OldDesignator=C13 NewDesignator=C104
Change Component Designator: OldDesignator=C14 NewDesignator=C105
Change Component Designator: OldDesignator=C15 NewDesignator=C106
Change Component Designator: OldDesignator=C16 NewDesignator=C107
Change Component Designator: OldDesignator=C17 NewDesignator=C108
Change Component Designator: OldDesignator=C18 NewDesignator=C109
Change Component Designator: OldDesignator=C19 NewDesignator=C110
Change Component Designator: OldDesignator=R10 NewDesignator=R100
Change Component Designator: OldDesignator=R11 NewDesignator=R101
Change Component Designator: OldDesignator=R12 NewDesignator=R102
Added Component: Designator=C111(SOP2)
Add component. Clean all parameters for all variants
Added Component: Designator=C112(SOP2)
Add component. Clean all parameters for all variants
Added Component: Designator=C113(SOP2)
Add component. Clean all parameters for all variants
Added Component: Designator=C114(SOP2)
Add component. Clean all parameters for all variants
Added Component: Designator=C115(SOP2)
Add component. Clean all parameters for all variants
Added Component: Designator=C116(SOP2)
Add component. Clean all parameters for all variants
Added Component: Designator=FL1(NFM18PS)
Add component. Clean all parameters for all variants
Added Component: Designator=TP1(TestPoint)
Add component. Clean all parameters for all variants
Added Component: Designator=TP2(TestPoint)
Add component. Clean all parameters for all variants
Added Component: Designator=Y1(SOP4)
Add component. Clean all parameters for all variants
Added Pin To Net: NetName=GND Pin=C111-2
Added Pin To Net: NetName=GND Pin=C112-1
Added Pin To Net: NetName=GND Pin=C113-2
Added Pin To Net: NetName=GND Pin=C114-2
Added Pin To Net: NetName=GND Pin=C115-1
Added Pin To Net: NetName=GND Pin=C116-1
Added Pin To Net: NetName=GND Pin=FL1-2
Added Pin To Net: NetName=GND Pin=FL1-2
Added Pin To Net: NetName=GND Pin=U0-31
Added Pin To Net: NetName=GND Pin=Y1-1
Added Pin To Net: NetName=GND Pin=Y1-3
Change Net Name : Old Net Name=NetC10_1 New Net Name=NetC100_1
Change Net Name : Old Net Name=NetC10_2 New Net Name=NetC100_2
Change Net Name : Old Net Name=NetC11_1 New Net Name=NetC101_1
Change Net Name : Old Net Name=NetC12_1 New Net Name=NetC102_1
Added Pin To Net: NetName=NetC115_2 Pin=C115-2
Added Pin To Net: NetName=NetC115_2 Pin=C116-2
Added Pin To Net: NetName=NetC115_2 Pin=FL1-3
Added Net: Name=NetC115_2
Added Net: Name=NetL13_2
Added Pin To Net: NetName=ST95_IRQ_IN Pin=R20-2
Added Pin To Net: NetName=ST95_IRQ_IN Pin=U0-12
Added Pin To Net: NetName=ST95_IRQ_IN Pin=U2-19
Added Net: Name=ST95_IRQ_IN
Added Pin To Net: NetName=ST95_IRQ_OUT Pin=R21-2
Added Pin To Net: NetName=ST95_IRQ_OUT Pin=U0-14
Added Pin To Net: NetName=ST95_IRQ_OUT Pin=U2-20
Added Net: Name=ST95_IRQ_OUT
Added Pin To Net: NetName=ST95_RS0 Pin=C20-1
Added Pin To Net: NetName=ST95_RS0 Pin=U0-9
Added Net: Name=ST95_RS0
Added Pin To Net: NetName=ST95_SPI_MISO Pin=U0-16
Added Pin To Net: NetName=ST95_SPI_MISO Pin=U2-21
Added Net: Name=ST95_SPI_MISO
Added Pin To Net: NetName=ST95_SPI_MOSI Pin=U0-17
Added Pin To Net: NetName=ST95_SPI_MOSI Pin=U2-22
Added Net: Name=ST95_SPI_MOSI
Added Pin To Net: NetName=ST95_SPI_SCK Pin=U0-18
Added Pin To Net: NetName=ST95_SPI_SCK Pin=U2-26
Added Net: Name=ST95_SPI_SCK
Added Pin To Net: NetName=ST95_SPI_SS Pin=U0-15
Added Pin To Net: NetName=ST95_SPI_SS Pin=U2-16
Added Net: Name=ST95_SPI_SS
Added Pin To Net: NetName=ST95_VCC Pin=R13-2
Added Pin To Net: NetName=ST95_VCC Pin=R18-2
Added Pin To Net: NetName=ST95_VCC Pin=R19-2
Added Pin To Net: NetName=ST95_VCC Pin=R24-2
Added Pin To Net: NetName=ST95_VCC Pin=R25-2
Added Net: Name=ST95_VCC
Added Pin To Net: NetName=ST95_VPS_TX Pin=FL1-1
Added Pin To Net: NetName=ST95_VPS_TX Pin=U0-32
Added Net: Name=ST95_VPS_TX
Added Pin To Net: NetName=ST95_VPS Pin=C113-1
Added Pin To Net: NetName=ST95_VPS Pin=C114-1
Added Pin To Net: NetName=ST95_VPS Pin=U0-13
Added Net: Name=ST95_VPS
Added Pin To Net: NetName=ST95_XIN Pin=C112-2
Added Pin To Net: NetName=ST95_XIN Pin=U0-29
Added Pin To Net: NetName=ST95_XIN Pin=Y1-2
Added Net: Name=ST95_XIN
Added Pin To Net: NetName=ST95_XOUT Pin=C111-1
Added Pin To Net: NetName=ST95_XOUT Pin=U0-30
Added Pin To Net: NetName=ST95_XOUT Pin=Y1-4
Added Net: Name=ST95_XOUT
Added Member To Class: ClassName=NFC Member=Component C100 104
Added Member To Class: ClassName=NFC Member=Component C101 104
Added Member To Class: ClassName=NFC Member=Component C102 104
Added Member To Class: ClassName=NFC Member=Component C103 104
Added Member To Class: ClassName=NFC Member=Component C104 104
Added Member To Class: ClassName=NFC Member=Component C105 104
Added Member To Class: ClassName=NFC Member=Component C111 104
Added Member To Class: ClassName=NFC Member=Component C112 104
Added Member To Class: ClassName=NFC Member=Component C113 104
Added Member To Class: ClassName=NFC Member=Component C114 104
Added Member To Class: ClassName=NFC Member=Component C115 104
Added Member To Class: ClassName=NFC Member=Component C116 104
Added Member To Class: ClassName=NFC Member=Component FL1 NFM18PS
Added Member To Class: ClassName=NFC Member=Component R100 10K
Added Member To Class: ClassName=NFC Member=Component R101 10K
Added Member To Class: ClassName=NFC Member=Component R102 10K
Added Member To Class: ClassName=NFC Member=Component TP1 TestPoint
Added Member To Class: ClassName=NFC Member=Component TP2 TestPoint
Added Member To Class: ClassName=NFC Member=Component Y1 27.12MHz
Added Room: Name=NFC
